<?xml version="1.0" encoding="UTF-8"?>
<testsuite name="co.com.sena.runners.LoginRunner" tests="0" skipped="0" failures="0" errors="0" timestamp="1970-01-01T00:00:00" hostname="DESKTOP-Q5H3KMR" time="0.0">
  <properties/>
  <system-out><![CDATA[
?[31mFailed scenarios:?[0m
file:///C:/Users/Admin/Documents/automatizacion%20kmila/Bon-bonite/src/test/resources/features/login.feature:3 # login successfull

1 Scenarios (?[31m1 failed?[0m)
3 Steps (?[31m1 failed?[0m, ?[36m2 skipped?[0m)
0m0,957s


net.serenitybdd.screenplay.actors.NoStageException: No stage available - it looks like you haven't called the setTheStage() method before calling this one.
	at net.serenitybdd.screenplay.actors.OnStage.stage(OnStage.java:75)
	at net.serenitybdd.screenplay.actors.OnStage.theActorInTheSpotlight(OnStage.java:63)
	at co.com.sena.stepsdefinitions.LoginStepDefinitions.heUserIsOnThePage(LoginStepDefinitions.java:32)
	at ?.he user is on the page(file:///C:/Users/Admin/Documents/automatizacion%20kmila/Bon-bonite/src/test/resources/features/login.feature:4)


]]></system-out>
  <system-err><![CDATA[[Test worker] INFO io.cucumber.core.plugin.SerenityReporter - Running feature from file:///C:/Users/Admin/Documents/automatizacion%20kmila/Bon-bonite/src/test/resources/features/login.feature
[Test worker] INFO  - 

-------------------------------------------------------------------------------------
     _______. _______ .______       _______ .__   __.  __  .___________.____    ____ 
    /       ||   ____||   _  \     |   ____||  \ |  | |  | |           |\   \  /   / 
   |   (----`|  |__   |  |_)  |    |  |__   |   \|  | |  | `---|  |----` \   \/   /  
    \   \    |   __|  |      /     |   __|  |  . `  | |  |     |  |       \_    _/   
.----)   |   |  |____ |  |\  \----.|  |____ |  |\   | |  |     |  |         |  |     
|_______/    |_______|| _| `._____||_______||__| \__| |__|     |__|         |__|    
                                                                                     
 News and tutorials at http://www.serenity-bdd.info                                  
 Documentation at https://wakaleo.gitbooks.io/the-serenity-book/content/             
 Join the Serenity Community on Gitter: https://gitter.im/serenity-bdd/serenity-core 
 Serenity BDD Support and Training at http://serenity-bdd.info/#/trainingandsupport  
-------------------------------------------------------------------------------------

[Test worker] INFO  - Test Suite Started: Login
[pool-1-thread-1] INFO net.thucydides.core.reports.ReportService - net.thucydides.core.reports.json.JSONTestOutcomeReporter@1174a305: Generating report for test outcome: login:login successfull
[pool-2-thread-1] INFO net.thucydides.core.reports.ReportService - net.thucydides.core.reports.html.HtmlAcceptanceTestReporter@fab35b1: Generating report for test outcome: login:login successfull
[Test worker] INFO io.cucumber.core.plugin.SerenityReporter - Cleanup test resources for URI file:///C:/Users/Admin/Documents/automatizacion%20kmila/Bon-bonite/src/test/resources/features/login.feature
]]></system-err>
</testsuite>
