<?xml version="1.0" encoding="UTF-8"?>
<testsuite name="com.co.senasoft.runners.LoginRunner" tests="0" skipped="0" failures="0" errors="0" timestamp="1970-01-01T00:00:00" hostname="DESKTOP-Q5H3KMR" time="0.0">
  <properties/>
  <system-out><![CDATA[
?[31mFailed scenarios:?[0m
?[31mfile:///C:/Users/Admin/Downloads/screenplaysenasoft/src/test/resources/features/login.feature:4?[0m# Login Successful

1 Scenarios (?[31m1 failed?[0m)
3 Steps (?[31m1 failed?[0m, ?[36m2 skipped?[0m)
0m1,791s


net.serenitybdd.screenplay.actors.NoStageException: No stage available - it looks like you haven't called the setTheStage() method before calling this one.
	at net.serenitybdd.screenplay.actors.OnStage.lambda$stage$0(OnStage.java:70)
	at java.base/java.util.Optional.orElseThrow(Optional.java:403)
	at net.serenitybdd.screenplay.actors.OnStage.stage(OnStage.java:70)
	at net.serenitybdd.screenplay.actors.OnStage.theActorInTheSpotlight(OnStage.java:58)
	at com.co.senasoft.stepsdefinitions.LoginStepDefinition.heUserIsOnThePage(LoginStepDefinition.java:37)
	at ?.He user is on the page(file:///C:/Users/Admin/Downloads/screenplaysenasoft/src/test/resources/features/login.feature:5)


]]></system-out>
  <system-err><![CDATA[[Test worker] INFO io.cucumber.core.plugin.SerenityReporter - Running feature from file:///C:/Users/Admin/Downloads/screenplaysenasoft/src/test/resources/features/login.feature
[Test worker] WARN io.cucumber.core.plugin.SerenityReporter - Feature from file:///C:/Users/Admin/Downloads/screenplaysenasoft/src/test/resources/features/login.feature is not under the 'features' directory. Requirements report will not be correctly generated!
[Test worker] INFO  - 

-------------------------------------------------------------------------------------
     _______. _______ .______       _______ .__   __.  __  .___________.____    ____ 
    /       ||   ____||   _  \     |   ____||  \ |  | |  | |           |\   \  /   / 
   |   (----`|  |__   |  |_)  |    |  |__   |   \|  | |  | `---|  |----` \   \/   /  
    \   \    |   __|  |      /     |   __|  |  . `  | |  |     |  |       \_    _/   
.----)   |   |  |____ |  |\  \----.|  |____ |  |\   | |  |     |  |         |  |     
|_______/    |_______|| _| `._____||_______||__| \__| |__|     |__|         |__|    
                                                                                     
 News and tutorials at http://www.serenity-bdd.info                                  
 Documentation at https://wakaleo.gitbooks.io/the-serenity-book/content/             
 Join the Serenity Community on Gitter: https://gitter.im/serenity-bdd/serenity-core 
 Serenity BDD Support and Training at http://serenity-bdd.info/#/trainingandsupport  
-------------------------------------------------------------------------------------

[Test worker] INFO  - Test Suite Started: Login
log4j:WARN No appenders could be found for logger (freemarker.cache).
log4j:WARN Please initialize the log4j system properly.
log4j:WARN See http://logging.apache.org/log4j/1.2/faq.html#noconfig for more info.
]]></system-err>
</testsuite>
