<?xml version="1.0" encoding="UTF-8"?>
<testsuite name="co.com.senasoft.runners.LoginRunner" tests="0" skipped="0" failures="0" errors="0" timestamp="1970-01-01T00:00:00" hostname="DESKTOP-Q5H3KMR" time="0.0">
  <properties/>
  <system-out><![CDATA[
?[33mUndefined scenarios:?[0m
?[33mfile:///C:/Users/Admin/Downloads/automatizacion/casodfp/src/test/resources/features/login.feature:7?[0m# loguearme

1 Scenarios (?[33m1 undefined?[0m)
3 Steps (?[36m2 skipped?[0m, ?[33m1 undefined?[0m)
0m1,065s


You can implement missing steps with the snippets below:

@Given("El usuario esta en la pagina")
public void elUsuarioEstaEnLaPagina() {
    // Write code here that turns the phrase above into concrete actions
    throw new io.cucumber.java.PendingException();
}

@When("El usuario ingresa las credenciales")
public void elUsuarioIngresaLasCredenciales() {
    // Write code here that turns the phrase above into concrete actions
    throw new io.cucumber.java.PendingException();
}

@Then("puede ver los datos")
public void puedeVerLosDatos() {
    // Write code here that turns the phrase above into concrete actions
    throw new io.cucumber.java.PendingException();
}


]]></system-out>
  <system-err><![CDATA[[Test worker] INFO io.cucumber.core.plugin.SerenityReporter - Running feature from file:///C:/Users/Admin/Downloads/automatizacion/casodfp/src/test/resources/features/login.feature
[Test worker] WARN io.cucumber.core.plugin.SerenityReporter - Feature from file:///C:/Users/Admin/Downloads/automatizacion/casodfp/src/test/resources/features/login.feature is not under the 'features' directory. Requirements report will not be correctly generated!
[Test worker] INFO  - 

-------------------------------------------------------------------------------------
     _______. _______ .______       _______ .__   __.  __  .___________.____    ____ 
    /       ||   ____||   _  \     |   ____||  \ |  | |  | |           |\   \  /   / 
   |   (----`|  |__   |  |_)  |    |  |__   |   \|  | |  | `---|  |----` \   \/   /  
    \   \    |   __|  |      /     |   __|  |  . `  | |  |     |  |       \_    _/   
.----)   |   |  |____ |  |\  \----.|  |____ |  |\   | |  |     |  |         |  |     
|_______/    |_______|| _| `._____||_______||__| \__| |__|     |__|         |__|    
                                                                                     
 News and tutorials at http://www.serenity-bdd.info                                  
 Documentation at https://wakaleo.gitbooks.io/the-serenity-book/content/             
 Join the Serenity Community on Gitter: https://gitter.im/serenity-bdd/serenity-core 
 Serenity BDD Support and Training at http://serenity-bdd.info/#/trainingandsupport  
-------------------------------------------------------------------------------------

[Test worker] INFO  - Test Suite Started: Quiero ingresar a la pagina de DFP
log4j:WARN No appenders could be found for logger (freemarker.cache).
log4j:WARN Please initialize the log4j system properly.
log4j:WARN See http://logging.apache.org/log4j/1.2/faq.html#noconfig for more info.
]]></system-err>
</testsuite>
