<?xml version="1.0" encoding="UTF-8"?>
<testsuite name="Quiero ingresar a la pagina de DFP" tests="1" skipped="0" failures="1" errors="0" timestamp="2022-08-30T16:10:26" hostname="DESKTOP-Q5H3KMR" time="0.629">
  <properties/>
  <testcase name="loguearme" classname="Quiero ingresar a la pagina de DFP" time="0.629">
    <failure message="io.cucumber.junit.UndefinedStepException: The step &quot;El usuario esta en la pagina&quot; is undefined. You can implement it using the snippet(s) below:&#10;&#10;@Given(&quot;El usuario esta en la pagina&quot;)&#10;public void elUsuarioEstaEnLaPagina() {&#10;    // Write code here that turns the phrase above into concrete actions&#10;    throw new io.cucumber.java.PendingException();&#10;}&#10;&#10;&#10;Some other steps were also undefined:&#10;&#10;@When(&quot;El usuario ingresa las credenciales&quot;)&#10;public void elUsuarioIngresaLasCredenciales() {&#10;    // Write code here that turns the phrase above into concrete actions&#10;    throw new io.cucumber.java.PendingException();&#10;}&#10;@Then(&quot;puede ver los datos&quot;)&#10;public void puedeVerLosDatos() {&#10;    // Write code here that turns the phrase above into concrete actions&#10;    throw new io.cucumber.java.PendingException();&#10;}&#10;" type="io.cucumber.junit.UndefinedStepException">io.cucumber.junit.UndefinedStepException: The step &quot;El usuario esta en la pagina&quot; is undefined. You can implement it using the snippet(s) below:

@Given(&quot;El usuario esta en la pagina&quot;)
public void elUsuarioEstaEnLaPagina() {
    // Write code here that turns the phrase above into concrete actions
    throw new io.cucumber.java.PendingException();
}


Some other steps were also undefined:

@When(&quot;El usuario ingresa las credenciales&quot;)
public void elUsuarioIngresaLasCredenciales() {
    // Write code here that turns the phrase above into concrete actions
    throw new io.cucumber.java.PendingException();
}
@Then(&quot;puede ver los datos&quot;)
public void puedeVerLosDatos() {
    // Write code here that turns the phrase above into concrete actions
    throw new io.cucumber.java.PendingException();
}

</failure>
  </testcase>
  <system-out><![CDATA[]]></system-out>
  <system-err><![CDATA[[Test worker] INFO io.cucumber.core.plugin.SerenityReporter - Running feature from file:///C:/Users/Admin/Downloads/automatizacion/casodfp/src/test/resources/features/login.feature
[Test worker] WARN io.cucumber.core.plugin.SerenityReporter - Feature from file:///C:/Users/Admin/Downloads/automatizacion/casodfp/src/test/resources/features/login.feature is not under the 'features' directory. Requirements report will not be correctly generated!
[Test worker] INFO  - 
 _____ _____ ____ _____   ____ _____  _    ____ _____ _____ ____  
|_   _| ____/ ___|_   _| / ___|_   _|/ \  |  _ \_   _| ____|  _ \ 
  | | |  _| \___ \ | |   \___ \ | | / _ \ | |_) || | |  _| | | | |
  | | | |___ ___) || |    ___) || |/ ___ \|  _ < | | | |___| |_| |
  |_| |_____|____/ |_|   |____/ |_/_/   \_\_| \_\|_| |_____|____/ 

loguearme(quiero-ingresar-a-la-pagina-de-dfp;loguearme)
-------------------------------------------------------------------
[Test worker] INFO  - 
          __  _____ _____ ____ _____   ____  _____ _   _ ____ ___ _   _  ____ 
 _       / / |_   _| ____/ ___|_   _| |  _ \| ____| \ | |  _ \_ _| \ | |/ ___|
(_)____ / /    | | |  _| \___ \ | |   | |_) |  _| |  \| | | | | ||  \| | |  _ 
 |_____/ /     | | | |___ ___) || |   |  __/| |___| |\  | |_| | || |\  | |_| |
(_)   /_/      |_| |_____|____/ |_|   |_|   |_____|_| \_|____/___|_| \_|\____|

Loguearme
-------------------------------------------------------------------------------
]]></system-err>
</testsuite>
